<?xml version="1.0" encoding="UTF-8"?>
<!-- Generated by org.testng.reporters.JUnitXMLReporter -->
<testsuite hostname="MacBook-Pro-Astaroth.local" ignored="14" name="Default test" tests="1" failures="0" timestamp="13 Dec 2021 03:42:30 GMT" time="46.705" errors="0">
  <testcase name="@BeforeMethod createChromeDriver" time="46.114" classname="webautomation.mekarichat.BaseWebDriver">
    <failure type="org.openqa.selenium.WebDriverException" message="unknown error: cannot determine loading status
from unknown error: cannot determine loading status
from disconnected: received Inspector.detached event
  (Session info: chrome=96.0.4664.93)
Build info: version: &amp;apos;4.0.0-beta-3&amp;apos;, revision: &amp;apos;5d108f9a67&amp;apos;
System info: host: &amp;apos;MacBook-Pro-Astaroth.local&amp;apos;, ip: &amp;apos;fe80:0:0:0:443:3f97:c9b6:b037%en0&amp;apos;, os.name: &amp;apos;Mac OS X&amp;apos;, os.arch: &amp;apos;x86_64&amp;apos;, os.version: &amp;apos;10.16&amp;apos;, java.version: &amp;apos;1.8.0_291&amp;apos;
Driver info: org.openqa.selenium.chrome.ChromeDriver
Command: [1ada35054b81b041fcada1a3f742890b, get {url=https://messenger.mekari.com/dashboard}]
Capabilities {acceptInsecureCerts: false, browserName: chrome, browserVersion: 96.0.4664.93, chrome: {chromedriverVersion: 96.0.4664.45 (76e4c1bb2ab46..., userDataDir: /var/folders/gr/pnfzzss51zd...}, goog:chromeOptions: {debuggerAddress: localhost:61325}, javascriptEnabled: true, networkConnectionEnabled: false, pageLoadStrategy: normal, platform: MAC, platformName: MAC, proxy: Proxy(), se:cdp: ws://localhost:61325/devtoo..., se:cdpVersion: 96.0.4664.93, setWindowRect: true, strictFileInteractability: false, timeouts: {implicit: 0, pageLoad: 300000, script: 30000}, unhandledPromptBehavior: dismiss and notify, webauthn:extension:credBlob: true, webauthn:extension:largeBlob: true, webauthn:virtualAuthenticators: true}
Session ID: 1ada35054b81b041fcada1a3f742890b">
      <![CDATA[org.openqa.selenium.WebDriverException: unknown error: cannot determine loading status
from unknown error: cannot determine loading status
from disconnected: received Inspector.detached event
  (Session info: chrome=96.0.4664.93)
Build info: version: '4.0.0-beta-3', revision: '5d108f9a67'
System info: host: 'MacBook-Pro-Astaroth.local', ip: 'fe80:0:0:0:443:3f97:c9b6:b037%en0', os.name: 'Mac OS X', os.arch: 'x86_64', os.version: '10.16', java.version: '1.8.0_291'
Driver info: org.openqa.selenium.chrome.ChromeDriver
Command: [1ada35054b81b041fcada1a3f742890b, get {url=https://messenger.mekari.com/dashboard}]
Capabilities {acceptInsecureCerts: false, browserName: chrome, browserVersion: 96.0.4664.93, chrome: {chromedriverVersion: 96.0.4664.45 (76e4c1bb2ab46..., userDataDir: /var/folders/gr/pnfzzss51zd...}, goog:chromeOptions: {debuggerAddress: localhost:61325}, javascriptEnabled: true, networkConnectionEnabled: false, pageLoadStrategy: normal, platform: MAC, platformName: MAC, proxy: Proxy(), se:cdp: ws://localhost:61325/devtoo..., se:cdpVersion: 96.0.4664.93, setWindowRect: true, strictFileInteractability: false, timeouts: {implicit: 0, pageLoad: 300000, script: 30000}, unhandledPromptBehavior: dismiss and notify, webauthn:extension:credBlob: true, webauthn:extension:largeBlob: true, webauthn:virtualAuthenticators: true}
Session ID: 1ada35054b81b041fcada1a3f742890b
at sun.reflect.NativeConstructorAccessorImpl.newInstance0(Native Method)
at sun.reflect.NativeConstructorAccessorImpl.newInstance(NativeConstructorAccessorImpl.java:62)
at sun.reflect.DelegatingConstructorAccessorImpl.newInstance(DelegatingConstructorAccessorImpl.java:45)
at java.lang.reflect.Constructor.newInstance(Constructor.java:423)
at org.openqa.selenium.remote.codec.w3c.W3CHttpResponseCodec.createException(W3CHttpResponseCodec.java:198)
at org.openqa.selenium.remote.codec.w3c.W3CHttpResponseCodec.decode(W3CHttpResponseCodec.java:131)
at org.openqa.selenium.remote.codec.w3c.W3CHttpResponseCodec.decode(W3CHttpResponseCodec.java:52)
at org.openqa.selenium.remote.HttpCommandExecutor.execute(HttpCommandExecutor.java:184)
at org.openqa.selenium.remote.service.DriverCommandExecutor.invokeExecute(DriverCommandExecutor.java:153)
at org.openqa.selenium.remote.service.DriverCommandExecutor.execute(DriverCommandExecutor.java:128)
at org.openqa.selenium.remote.RemoteWebDriver.execute(RemoteWebDriver.java:619)
at org.openqa.selenium.remote.RemoteWebDriver.get(RemoteWebDriver.java:333)
at webautomation.mekarichat.BaseWebDriver.createChromeDriver(BaseWebDriver.java:23)
at sun.reflect.NativeMethodAccessorImpl.invoke0(Native Method)
at sun.reflect.NativeMethodAccessorImpl.invoke(NativeMethodAccessorImpl.java:62)
at sun.reflect.DelegatingMethodAccessorImpl.invoke(DelegatingMethodAccessorImpl.java:43)
at java.lang.reflect.Method.invoke(Method.java:498)
at org.testng.internal.MethodInvocationHelper.invokeMethod(MethodInvocationHelper.java:124)
at org.testng.internal.MethodInvocationHelper.invokeMethodConsideringTimeout(MethodInvocationHelper.java:59)
at org.testng.internal.Invoker.invokeConfigurationMethod(Invoker.java:458)
at org.testng.internal.Invoker.invokeConfigurations(Invoker.java:222)
at org.testng.internal.Invoker.invokeMethod(Invoker.java:523)
at org.testng.internal.Invoker.invokeTestMethod(Invoker.java:719)
at org.testng.internal.Invoker.invokeTestMethods(Invoker.java:989)
at org.testng.internal.TestMethodWorker.invokeTestMethods(TestMethodWorker.java:125)
at org.testng.internal.TestMethodWorker.run(TestMethodWorker.java:109)
at org.testng.TestRunner.privateRun(TestRunner.java:648)
at org.testng.TestRunner.run(TestRunner.java:505)
at org.testng.SuiteRunner.runTest(SuiteRunner.java:455)
at org.testng.SuiteRunner.runSequentially(SuiteRunner.java:450)
at org.testng.SuiteRunner.privateRun(SuiteRunner.java:415)
at org.testng.SuiteRunner.run(SuiteRunner.java:364)
at org.testng.SuiteRunnerWorker.runSuite(SuiteRunnerWorker.java:52)
at org.testng.SuiteRunnerWorker.run(SuiteRunnerWorker.java:84)
at org.testng.TestNG.runSuitesSequentially(TestNG.java:1208)
at org.testng.TestNG.runSuitesLocally(TestNG.java:1137)
at org.testng.TestNG.runSuites(TestNG.java:1049)
at org.testng.TestNG.run(TestNG.java:1017)
at org.testng.remote.AbstractRemoteTestNG.run(AbstractRemoteTestNG.java:115)
at org.testng.remote.RemoteTestNG.initAndRun(RemoteTestNG.java:251)
at org.testng.remote.RemoteTestNG.main(RemoteTestNG.java:77)
]]>
    </failure>
  </testcase> <!-- @BeforeMethod createChromeDriver -->
  <testcase name="@AfterMethod quitChromeDriver" time="0.0" classname="webautomation.mekarichat.BaseWebDriver">
    <skipped/>
  </testcase> <!-- @AfterMethod quitChromeDriver -->
  <testcase name="listContact" time="0.0" classname="webautomation.mekarichat.AppTest">
    <skipped/>
  </testcase> <!-- listContact -->
  <testcase name="loginWithValidEmailandPassword" time="0.0" classname="webautomation.mekarichat.AppTest">
    <ignored/>
  </testcase> <!-- loginWithValidEmailandPassword -->
  <testcase name="searchChatWithFilterPostIn" time="0.0" classname="webautomation.mekarichat.AppTest">
    <ignored/>
  </testcase> <!-- searchChatWithFilterPostIn -->
  <testcase name="loginWithWrongEmailandPassword" time="0.0" classname="webautomation.mekarichat.AppTest">
    <ignored/>
  </testcase> <!-- loginWithWrongEmailandPassword -->
  <testcase name="loginWithValidEmailandWrongPassword" time="0.0" classname="webautomation.mekarichat.AppTest">
    <ignored/>
  </testcase> <!-- loginWithValidEmailandWrongPassword -->
  <testcase name="checkPasswordShowed" time="0.0" classname="webautomation.mekarichat.AppTest">
    <ignored/>
  </testcase> <!-- checkPasswordShowed -->
  <testcase name="checkStatusChatOnlineOffline" time="0.0" classname="webautomation.mekarichat.AppTest">
    <ignored/>
  </testcase> <!-- checkStatusChatOnlineOffline -->
  <testcase name="searchOnChatTab" time="0.0" classname="webautomation.mekarichat.AppTest">
    <ignored/>
  </testcase> <!-- searchOnChatTab -->
  <testcase name="checkPasswordHidden" time="0.0" classname="webautomation.mekarichat.AppTest">
    <ignored/>
  </testcase> <!-- checkPasswordHidden -->
  <testcase name="searchChatWithFilterPostInAndFrom" time="0.0" classname="webautomation.mekarichat.AppTest">
    <ignored/>
  </testcase> <!-- searchChatWithFilterPostInAndFrom -->
  <testcase name="searchChatWithFilterFrom" time="0.0" classname="webautomation.mekarichat.AppTest">
    <ignored/>
  </testcase> <!-- searchChatWithFilterFrom -->
  <testcase name="searchChatWithNoFilter" time="0.0" classname="webautomation.mekarichat.AppTest">
    <ignored/>
  </testcase> <!-- searchChatWithNoFilter -->
  <testcase name="logoutTest" time="0.0" classname="webautomation.mekarichat.AppTest">
    <ignored/>
  </testcase> <!-- logoutTest -->
  <testcase name="pinTest" time="0.0" classname="webautomation.mekarichat.AppTest">
    <ignored/>
  </testcase> <!-- pinTest -->
  <testcase name="loginWithWrongEmailandValidPassword" time="0.0" classname="webautomation.mekarichat.AppTest">
    <ignored/>
  </testcase> <!-- loginWithWrongEmailandValidPassword -->
</testsuite> <!-- Default test -->
