<?xml version="1.0" encoding="UTF-8"?>
<!-- Generated by org.testng.reporters.JUnitXMLReporter -->
<testsuite ignored="10" hostname="MacBook-Pro-Astaroth.local" failures="12" tests="41" name="Test" time="1386.131" errors="0" timestamp="2022-01-19T14:05:09 WIB">
  <testcase classname="webautomation.mekarichat.test.ChannelChat" name="sendEmojiOnChannelChat" time="20.2"/>
  <testcase classname="webautomation.mekarichat.test.ChannelChat" name="sendMessageOnChannelChat" time="17.771"/>
  <testcase classname="webautomation.mekarichat.test.ChannelChat" name="userSearchChatOnChannel" time="23.484"/>
  <testcase classname="webautomation.mekarichat.test.ChannelChat" name="userSendDoc" time="105.95"/>
  <testcase classname="webautomation.mekarichat.test.ChannelChat" name="userSendImage" time="19.529"/>
  <testcase classname="webautomation.mekarichat.test.ChannelChat" name="userSendVideo" time="42.878"/>
  <testcase classname="webautomation.mekarichat.test.Account" name="changeProfileAccount" time="10.225"/>
  <testcase classname="webautomation.mekarichat.test.Account" name="infoAccount" time="6.521"/>
  <testcase classname="webautomation.mekarichat.test.Channels" name="tabsChannelForSeeDaftarChannel" time="12.97"/>
  <testcase classname="webautomation.mekarichat.test.Channels" name="searchOnAvailableChannel" time="68.581"/>
  <testcase classname="webautomation.mekarichat.test.Channels" name="searchOnYourChannel" time="15.39"/>
  <testcase classname="webautomation.mekarichat.test.Channels" name="joinChannel" time="62.741">
    <failure type="org.openqa.selenium.TimeoutException" message="Expected condition failed: waiting for element to be clickable: By.xpath: //span[normalize-space()=&amp;apos;Halo Jumat&amp;apos;] (tried for 60 second(s) with 500 milliseconds interval)
Build info: version: &amp;apos;4.0.0-beta-3&amp;apos;, revision: &amp;apos;5d108f9a67&amp;apos;
System info: host: &amp;apos;MacBook-Pro-Astaroth.local&amp;apos;, ip: &amp;apos;fe80:0:0:0:102f:86c0:1a74:7dda%en0&amp;apos;, os.name: &amp;apos;Mac OS X&amp;apos;, os.arch: &amp;apos;x86_64&amp;apos;, os.version: &amp;apos;11.1&amp;apos;, java.version: &amp;apos;16.0.1&amp;apos;
Driver info: org.openqa.selenium.chrome.ChromeDriver
Capabilities {acceptInsecureCerts: false, browserName: chrome, browserVersion: 97.0.4692.71, chrome: {chromedriverVersion: 97.0.4692.71 (adefa7837d02a..., userDataDir: /var/folders/gr/pnfzzss51zd...}, goog:chromeOptions: {debuggerAddress: localhost:58180}, javascriptEnabled: true, networkConnectionEnabled: false, pageLoadStrategy: normal, platform: MAC, platformName: MAC, proxy: Proxy(), se:cdp: ws://localhost:58180/devtoo..., se:cdpVersion: 97.0.4692.71, setWindowRect: true, strictFileInteractability: false, timeouts: {implicit: 0, pageLoad: 300000, script: 30000}, unhandledPromptBehavior: dismiss and notify, webauthn:extension:credBlob: true, webauthn:extension:largeBlob: true, webauthn:virtualAuthenticators: true}
Session ID: 0343b4a9bd9258ff2dd02a0f952ea74b">
      <![CDATA[org.openqa.selenium.TimeoutException: Expected condition failed: waiting for element to be clickable: By.xpath: //span[normalize-space()='Halo Jumat'] (tried for 60 second(s) with 500 milliseconds interval)
Build info: version: '4.0.0-beta-3', revision: '5d108f9a67'
System info: host: 'MacBook-Pro-Astaroth.local', ip: 'fe80:0:0:0:102f:86c0:1a74:7dda%en0', os.name: 'Mac OS X', os.arch: 'x86_64', os.version: '11.1', java.version: '16.0.1'
Driver info: org.openqa.selenium.chrome.ChromeDriver
Capabilities {acceptInsecureCerts: false, browserName: chrome, browserVersion: 97.0.4692.71, chrome: {chromedriverVersion: 97.0.4692.71 (adefa7837d02a..., userDataDir: /var/folders/gr/pnfzzss51zd...}, goog:chromeOptions: {debuggerAddress: localhost:58180}, javascriptEnabled: true, networkConnectionEnabled: false, pageLoadStrategy: normal, platform: MAC, platformName: MAC, proxy: Proxy(), se:cdp: ws://localhost:58180/devtoo..., se:cdpVersion: 97.0.4692.71, setWindowRect: true, strictFileInteractability: false, timeouts: {implicit: 0, pageLoad: 300000, script: 30000}, unhandledPromptBehavior: dismiss and notify, webauthn:extension:credBlob: true, webauthn:extension:largeBlob: true, webauthn:virtualAuthenticators: true}
Session ID: 0343b4a9bd9258ff2dd02a0f952ea74b
at org.openqa.selenium.support.ui.WebDriverWait.timeoutException(WebDriverWait.java:138)
at org.openqa.selenium.support.ui.FluentWait.until(FluentWait.java:231)
at webautomation.mekarichat.navigation.BasePage.clickAndWaitByXpath(BasePage.java:30)
at webautomation.mekarichat.pages.ChannelsTabs.joinChannel(ChannelsTabs.java:119)
at webautomation.mekarichat.test.Channels.joinChannel(Channels.java:179)
at java.base/java.util.ArrayList.forEach(ArrayList.java:1511)
... Removed 27 stack frames]]>
    </failure>
  </testcase> <!-- joinChannel -->
  <testcase classname="webautomation.mekarichat.test.Channels" name="accessJoinChannel" time="15.523"/>
  <testcase classname="webautomation.mekarichat.test.ChatList" name="checkStatusChatOnlineOffline" time="2.422"/>
  <testcase classname="webautomation.mekarichat.test.ChatList" name="pinTest" time="26.548"/>
  <testcase classname="webautomation.mekarichat.test.Contacts" name="accessPrivateRoomFromTabsContacts" time="7.907"/>
  <testcase classname="webautomation.mekarichat.test.Contacts" name="listContact" time="5.993">
    <failure type="java.lang.IndexOutOfBoundsException" message="Index 20 out of bounds for length 20">
      <![CDATA[java.lang.IndexOutOfBoundsException: Index 20 out of bounds for length 20
at java.base/jdk.internal.util.Preconditions.outOfBounds(Preconditions.java:64)
at java.base/jdk.internal.util.Preconditions.outOfBoundsCheckIndex(Preconditions.java:70)
at java.base/jdk.internal.util.Preconditions.checkIndex(Preconditions.java:266)
at java.base/java.util.Objects.checkIndex(Objects.java:359)
at java.base/java.util.ArrayList.get(ArrayList.java:427)
at webautomation.mekarichat.test.Contacts.listContact(Contacts.java:54)
at java.base/java.util.ArrayList.forEach(ArrayList.java:1511)
... Removed 27 stack frames]]>
    </failure>
  </testcase> <!-- listContact -->
  <testcase classname="webautomation.mekarichat.test.Contacts" name="searchContactWithJobs" time="9.624"/>
  <testcase classname="webautomation.mekarichat.test.Contacts" name="searchContactWithName" time="8.878"/>
  <testcase classname="webautomation.mekarichat.test.Contacts" name="statusOnlineOfflineListContact" time="2.253"/>
  <testcase classname="webautomation.mekarichat.test.NewChat" name="newChat" time="84.734">
    <failure type="org.openqa.selenium.TimeoutException" message="Expected condition failed: waiting for element to be clickable: By.xpath: //span[normalize-space()=&amp;apos;Hello Test 9234&amp;apos;] (tried for 60 second(s) with 500 milliseconds interval)
Build info: version: &amp;apos;4.0.0-beta-3&amp;apos;, revision: &amp;apos;5d108f9a67&amp;apos;
System info: host: &amp;apos;MacBook-Pro-Astaroth.local&amp;apos;, ip: &amp;apos;fe80:0:0:0:102f:86c0:1a74:7dda%en0&amp;apos;, os.name: &amp;apos;Mac OS X&amp;apos;, os.arch: &amp;apos;x86_64&amp;apos;, os.version: &amp;apos;11.1&amp;apos;, java.version: &amp;apos;16.0.1&amp;apos;
Driver info: org.openqa.selenium.chrome.ChromeDriver
Capabilities {acceptInsecureCerts: false, browserName: chrome, browserVersion: 97.0.4692.71, chrome: {chromedriverVersion: 97.0.4692.71 (adefa7837d02a..., userDataDir: /var/folders/gr/pnfzzss51zd...}, goog:chromeOptions: {debuggerAddress: localhost:60217}, javascriptEnabled: true, networkConnectionEnabled: false, pageLoadStrategy: normal, platform: MAC, platformName: MAC, proxy: Proxy(), se:cdp: ws://localhost:60217/devtoo..., se:cdpVersion: 97.0.4692.71, setWindowRect: true, strictFileInteractability: false, timeouts: {implicit: 0, pageLoad: 300000, script: 30000}, unhandledPromptBehavior: dismiss and notify, webauthn:extension:credBlob: true, webauthn:extension:largeBlob: true, webauthn:virtualAuthenticators: true}
Session ID: 4415711beecc223bcbb33e89c24997c1">
      <![CDATA[org.openqa.selenium.TimeoutException: Expected condition failed: waiting for element to be clickable: By.xpath: //span[normalize-space()='Hello Test 9234'] (tried for 60 second(s) with 500 milliseconds interval)
Build info: version: '4.0.0-beta-3', revision: '5d108f9a67'
System info: host: 'MacBook-Pro-Astaroth.local', ip: 'fe80:0:0:0:102f:86c0:1a74:7dda%en0', os.name: 'Mac OS X', os.arch: 'x86_64', os.version: '11.1', java.version: '16.0.1'
Driver info: org.openqa.selenium.chrome.ChromeDriver
Capabilities {acceptInsecureCerts: false, browserName: chrome, browserVersion: 97.0.4692.71, chrome: {chromedriverVersion: 97.0.4692.71 (adefa7837d02a..., userDataDir: /var/folders/gr/pnfzzss51zd...}, goog:chromeOptions: {debuggerAddress: localhost:60217}, javascriptEnabled: true, networkConnectionEnabled: false, pageLoadStrategy: normal, platform: MAC, platformName: MAC, proxy: Proxy(), se:cdp: ws://localhost:60217/devtoo..., se:cdpVersion: 97.0.4692.71, setWindowRect: true, strictFileInteractability: false, timeouts: {implicit: 0, pageLoad: 300000, script: 30000}, unhandledPromptBehavior: dismiss and notify, webauthn:extension:credBlob: true, webauthn:extension:largeBlob: true, webauthn:virtualAuthenticators: true}
Session ID: 4415711beecc223bcbb33e89c24997c1
at org.openqa.selenium.support.ui.WebDriverWait.timeoutException(WebDriverWait.java:138)
at org.openqa.selenium.support.ui.FluentWait.until(FluentWait.java:231)
at webautomation.mekarichat.navigation.BasePage.displayElement(BasePage.java:131)
at webautomation.mekarichat.pages.NewChatTabs.verifyMessage(NewChatTabs.java:57)
at webautomation.mekarichat.test.NewChat.newChat(NewChat.java:45)
at java.base/java.util.ArrayList.forEach(ArrayList.java:1511)
... Removed 27 stack frames]]>
    </failure>
  </testcase> <!-- newChat -->
  <testcase classname="webautomation.mekarichat.test.PrivateChat" name="userSearchMessageOnChat" time="12.861">
    <failure type="java.lang.ClassCastException" message="class java.lang.ThreadLocal cannot be cast to class org.openqa.selenium.TakesScreenshot (java.lang.ThreadLocal is in module java.base of loader &amp;apos;bootstrap&amp;apos;; org.openqa.selenium.TakesScreenshot is in unnamed module of loader &amp;apos;app&amp;apos;)">
      <![CDATA[java.lang.ClassCastException: class java.lang.ThreadLocal cannot be cast to class org.openqa.selenium.TakesScreenshot (java.lang.ThreadLocal is in module java.base of loader 'bootstrap'; org.openqa.selenium.TakesScreenshot is in unnamed module of loader 'app')
at webautomation.mekarichat.navigation.BasePage.screenshot(BasePage.java:189)
at webautomation.mekarichat.pages.PrivateChatPage.screenShootAfterTest(PrivateChatPage.java:65)
at webautomation.mekarichat.test.PrivateChat.userSearchMessageOnChat(PrivateChat.java:220)
at java.base/java.util.ArrayList.forEach(ArrayList.java:1511)
... Removed 27 stack frames]]>
    </failure>
  </testcase> <!-- userSearchMessageOnChat -->
  <testcase classname="webautomation.mekarichat.test.PrivateChat" name="userSendDoc" time="101.77">
    <failure type="java.lang.ClassCastException" message="class java.lang.ThreadLocal cannot be cast to class org.openqa.selenium.TakesScreenshot (java.lang.ThreadLocal is in module java.base of loader &amp;apos;bootstrap&amp;apos;; org.openqa.selenium.TakesScreenshot is in unnamed module of loader &amp;apos;app&amp;apos;)">
      <![CDATA[java.lang.ClassCastException: class java.lang.ThreadLocal cannot be cast to class org.openqa.selenium.TakesScreenshot (java.lang.ThreadLocal is in module java.base of loader 'bootstrap'; org.openqa.selenium.TakesScreenshot is in unnamed module of loader 'app')
at webautomation.mekarichat.navigation.BasePage.screenshot(BasePage.java:189)
at webautomation.mekarichat.pages.PrivateChatPage.screenShootAfterTest(PrivateChatPage.java:65)
at webautomation.mekarichat.test.PrivateChat.userSendDoc(PrivateChat.java:177)
at java.base/java.util.ArrayList.forEach(ArrayList.java:1511)
... Removed 27 stack frames]]>
    </failure>
  </testcase> <!-- userSendDoc -->
  <testcase classname="webautomation.mekarichat.test.PrivateChat" name="userSendImage" time="17.56">
    <failure type="java.lang.ClassCastException" message="class java.lang.ThreadLocal cannot be cast to class org.openqa.selenium.TakesScreenshot (java.lang.ThreadLocal is in module java.base of loader &amp;apos;bootstrap&amp;apos;; org.openqa.selenium.TakesScreenshot is in unnamed module of loader &amp;apos;app&amp;apos;)">
      <![CDATA[java.lang.ClassCastException: class java.lang.ThreadLocal cannot be cast to class org.openqa.selenium.TakesScreenshot (java.lang.ThreadLocal is in module java.base of loader 'bootstrap'; org.openqa.selenium.TakesScreenshot is in unnamed module of loader 'app')
at webautomation.mekarichat.navigation.BasePage.screenshot(BasePage.java:189)
at webautomation.mekarichat.pages.PrivateChatPage.screenShootAfterTest(PrivateChatPage.java:65)
at webautomation.mekarichat.test.PrivateChat.userSendImage(PrivateChat.java:106)
at java.base/java.util.ArrayList.forEach(ArrayList.java:1511)
... Removed 27 stack frames]]>
    </failure>
  </testcase> <!-- userSendImage -->
  <testcase classname="webautomation.mekarichat.test.PrivateChat" name="userSendMessage" time="11.584">
    <failure type="java.lang.ClassCastException" message="class java.lang.ThreadLocal cannot be cast to class org.openqa.selenium.TakesScreenshot (java.lang.ThreadLocal is in module java.base of loader &amp;apos;bootstrap&amp;apos;; org.openqa.selenium.TakesScreenshot is in unnamed module of loader &amp;apos;app&amp;apos;)">
      <![CDATA[java.lang.ClassCastException: class java.lang.ThreadLocal cannot be cast to class org.openqa.selenium.TakesScreenshot (java.lang.ThreadLocal is in module java.base of loader 'bootstrap'; org.openqa.selenium.TakesScreenshot is in unnamed module of loader 'app')
at webautomation.mekarichat.navigation.BasePage.screenshot(BasePage.java:189)
at webautomation.mekarichat.pages.PrivateChatPage.screenShootAfterTest(PrivateChatPage.java:65)
at webautomation.mekarichat.test.PrivateChat.userSendMessage(PrivateChat.java:48)
at java.base/java.util.ArrayList.forEach(ArrayList.java:1511)
... Removed 27 stack frames]]>
    </failure>
  </testcase> <!-- userSendMessage -->
  <testcase classname="webautomation.mekarichat.test.PrivateChat" name="userSendMessageTextAndEmoji" time="15.135">
    <failure type="java.lang.ClassCastException" message="class java.lang.ThreadLocal cannot be cast to class org.openqa.selenium.TakesScreenshot (java.lang.ThreadLocal is in module java.base of loader &amp;apos;bootstrap&amp;apos;; org.openqa.selenium.TakesScreenshot is in unnamed module of loader &amp;apos;app&amp;apos;)">
      <![CDATA[java.lang.ClassCastException: class java.lang.ThreadLocal cannot be cast to class org.openqa.selenium.TakesScreenshot (java.lang.ThreadLocal is in module java.base of loader 'bootstrap'; org.openqa.selenium.TakesScreenshot is in unnamed module of loader 'app')
at webautomation.mekarichat.navigation.BasePage.screenshot(BasePage.java:189)
at webautomation.mekarichat.pages.PrivateChatPage.screenShootAfterTest(PrivateChatPage.java:65)
at webautomation.mekarichat.test.PrivateChat.userSendMessageTextAndEmoji(PrivateChat.java:76)
at java.base/java.util.ArrayList.forEach(ArrayList.java:1511)
... Removed 27 stack frames]]>
    </failure>
  </testcase> <!-- userSendMessageTextAndEmoji -->
  <testcase classname="webautomation.mekarichat.test.PrivateChat" name="userSendVideo" time="24.29">
    <failure type="java.lang.ClassCastException" message="class java.lang.ThreadLocal cannot be cast to class org.openqa.selenium.TakesScreenshot (java.lang.ThreadLocal is in module java.base of loader &amp;apos;bootstrap&amp;apos;; org.openqa.selenium.TakesScreenshot is in unnamed module of loader &amp;apos;app&amp;apos;)">
      <![CDATA[java.lang.ClassCastException: class java.lang.ThreadLocal cannot be cast to class org.openqa.selenium.TakesScreenshot (java.lang.ThreadLocal is in module java.base of loader 'bootstrap'; org.openqa.selenium.TakesScreenshot is in unnamed module of loader 'app')
at webautomation.mekarichat.navigation.BasePage.screenshot(BasePage.java:189)
at webautomation.mekarichat.pages.PrivateChatPage.screenShootAfterTest(PrivateChatPage.java:65)
at webautomation.mekarichat.test.PrivateChat.userSendVideo(PrivateChat.java:148)
at java.base/java.util.ArrayList.forEach(ArrayList.java:1511)
... Removed 27 stack frames]]>
    </failure>
  </testcase> <!-- userSendVideo -->
  <testcase classname="webautomation.mekarichat.test.PrivateChat" name="userStatusLastSeen" time="6.671">
    <failure type="java.lang.ClassCastException" message="class java.lang.ThreadLocal cannot be cast to class org.openqa.selenium.TakesScreenshot (java.lang.ThreadLocal is in module java.base of loader &amp;apos;bootstrap&amp;apos;; org.openqa.selenium.TakesScreenshot is in unnamed module of loader &amp;apos;app&amp;apos;)">
      <![CDATA[java.lang.ClassCastException: class java.lang.ThreadLocal cannot be cast to class org.openqa.selenium.TakesScreenshot (java.lang.ThreadLocal is in module java.base of loader 'bootstrap'; org.openqa.selenium.TakesScreenshot is in unnamed module of loader 'app')
at webautomation.mekarichat.navigation.BasePage.screenshot(BasePage.java:189)
at webautomation.mekarichat.pages.PrivateChatPage.screenShootAfterTest(PrivateChatPage.java:65)
at webautomation.mekarichat.test.PrivateChat.userStatusLastSeen(PrivateChat.java:239)
at java.base/java.util.ArrayList.forEach(ArrayList.java:1511)
... Removed 27 stack frames]]>
    </failure>
  </testcase> <!-- userStatusLastSeen -->
  <testcase classname="webautomation.mekarichat.test.PrivateChat" name="userViewProfileContact" time="9.675">
    <failure type="java.lang.ClassCastException" message="class java.lang.ThreadLocal cannot be cast to class org.openqa.selenium.TakesScreenshot (java.lang.ThreadLocal is in module java.base of loader &amp;apos;bootstrap&amp;apos;; org.openqa.selenium.TakesScreenshot is in unnamed module of loader &amp;apos;app&amp;apos;)">
      <![CDATA[java.lang.ClassCastException: class java.lang.ThreadLocal cannot be cast to class org.openqa.selenium.TakesScreenshot (java.lang.ThreadLocal is in module java.base of loader 'bootstrap'; org.openqa.selenium.TakesScreenshot is in unnamed module of loader 'app')
at webautomation.mekarichat.navigation.BasePage.screenshot(BasePage.java:189)
at webautomation.mekarichat.pages.PrivateChatPage.screenShootAfterTest(PrivateChatPage.java:65)
at webautomation.mekarichat.test.PrivateChat.userViewProfileContact(PrivateChat.java:290)
at java.base/java.util.ArrayList.forEach(ArrayList.java:1511)
... Removed 27 stack frames]]>
    </failure>
  </testcase> <!-- userViewProfileContact -->
  <testcase classname="webautomation.mekarichat.test.SearchChat" name="searchChatWithFilterPostIn" time="24.007"/>
  <testcase classname="webautomation.mekarichat.test.SearchChat" name="searchChatWithFilterPostInAndFrom" time="31.334"/>
  <testcase classname="webautomation.mekarichat.test.SearchChat" name="searchChatWithNoFilter" time="25.204"/>
  <testcase classname="webautomation.mekarichat.test.SearchChat" name="searchOnTabSearchWithFilterFrom" time="81.072"/>
  <testcase classname="webautomation.mekarichat.test.SearchMessage" name="searchOnChatTab" time="10.541"/>
  <testcase classname="webautomation.mekarichat.test.Logout" name="logoutFromMekariChat" time="15.314"/>
  <testcase classname="webautomation.mekarichat.test.Login" name="loginWithValidEmailandWrongPassword" time="24.983"/>
  <testcase classname="webautomation.mekarichat.test.Login" name="loginWithWrongEmailandValidPassword" time="15.792"/>
  <testcase classname="webautomation.mekarichat.test.Login" name="loginWithWrongEmailandPassword" time="17.428"/>
  <testcase classname="webautomation.mekarichat.test.Login" name="checkPasswordShowed" time="3.489">
    <failure type="org.openqa.selenium.ElementClickInterceptedException" message="element click intercepted: Element &amp;lt;i id=&amp;quot;show-password&amp;quot; class=&amp;quot;field-icon toggle-password&amp;quot; onclick=&amp;quot;showHidePassword(&amp;apos;hide-password&amp;apos;, &amp;apos;show-password&amp;apos;, &amp;apos;user_password&amp;apos;)&amp;quot;&amp;gt;...&amp;lt;/i&amp;gt; is not clickable at point (790, 417). Other element would receive the click: &amp;lt;iframe title=&amp;quot;recaptcha challenge expires in two minutes&amp;quot; src=&amp;quot;https://www.recaptcha.net/recaptcha/api2/bframe?hl=en&amp;amp;amp;v=TDBxTlSsKAUm3tSIa0fwIqNu&amp;amp;amp;k=6Lcsy84ZAAAAAKn9A4rAZ3RqRJMpg_afBwQe0X04&amp;quot; name=&amp;quot;c-pf0ou1gooqfv&amp;quot; frameborder=&amp;quot;0&amp;quot; scrolling=&amp;quot;no&amp;quot; sandbox=&amp;quot;allow-forms allow-popups allow-same-origin allow-scripts allow-top-navigation allow-modals allow-popups-to-escape-sandbox&amp;quot; style=&amp;quot;width: 400px; height: 580px;&amp;quot;&amp;gt;&amp;lt;/iframe&amp;gt;
  (Session info: chrome=97.0.4692.71)
Build info: version: &amp;apos;4.0.0-beta-3&amp;apos;, revision: &amp;apos;5d108f9a67&amp;apos;
System info: host: &amp;apos;MacBook-Pro-Astaroth.local&amp;apos;, ip: &amp;apos;fe80:0:0:0:102f:86c0:1a74:7dda%en0&amp;apos;, os.name: &amp;apos;Mac OS X&amp;apos;, os.arch: &amp;apos;x86_64&amp;apos;, os.version: &amp;apos;11.1&amp;apos;, java.version: &amp;apos;16.0.1&amp;apos;
Driver info: org.openqa.selenium.chrome.ChromeDriver
Command: [55924afd1ce9f1b6a111825fb767a580, clickElement {id=4cae9fc9-8199-41c2-a341-0416b4f19b8b}]
Capabilities {acceptInsecureCerts: false, browserName: chrome, browserVersion: 97.0.4692.71, chrome: {chromedriverVersion: 97.0.4692.71 (adefa7837d02a..., userDataDir: /var/folders/gr/pnfzzss51zd...}, goog:chromeOptions: {debuggerAddress: localhost:63917}, javascriptEnabled: true, networkConnectionEnabled: false, pageLoadStrategy: normal, platform: MAC, platformName: MAC, proxy: Proxy(), se:cdp: ws://localhost:63917/devtoo..., se:cdpVersion: 97.0.4692.71, setWindowRect: true, strictFileInteractability: false, timeouts: {implicit: 0, pageLoad: 300000, script: 30000}, unhandledPromptBehavior: dismiss and notify, webauthn:extension:credBlob: true, webauthn:extension:largeBlob: true, webauthn:virtualAuthenticators: true}
Element: [[ChromeDriver: chrome on MAC (55924afd1ce9f1b6a111825fb767a580)] -&amp;gt; xpath: //i[@id=&amp;apos;show-password&amp;apos;]]
Session ID: 55924afd1ce9f1b6a111825fb767a580">
      <![CDATA[org.openqa.selenium.ElementClickInterceptedException: element click intercepted: Element <i id="show-password" class="field-icon toggle-password" onclick="showHidePassword('hide-password', 'show-password', 'user_password')">...</i> is not clickable at point (790, 417). Other element would receive the click: <iframe title="recaptcha challenge expires in two minutes" src="https://www.recaptcha.net/recaptcha/api2/bframe?hl=en&amp;v=TDBxTlSsKAUm3tSIa0fwIqNu&amp;k=6Lcsy84ZAAAAAKn9A4rAZ3RqRJMpg_afBwQe0X04" name="c-pf0ou1gooqfv" frameborder="0" scrolling="no" sandbox="allow-forms allow-popups allow-same-origin allow-scripts allow-top-navigation allow-modals allow-popups-to-escape-sandbox" style="width: 400px; height: 580px;"></iframe>
  (Session info: chrome=97.0.4692.71)
Build info: version: '4.0.0-beta-3', revision: '5d108f9a67'
System info: host: 'MacBook-Pro-Astaroth.local', ip: 'fe80:0:0:0:102f:86c0:1a74:7dda%en0', os.name: 'Mac OS X', os.arch: 'x86_64', os.version: '11.1', java.version: '16.0.1'
Driver info: org.openqa.selenium.chrome.ChromeDriver
Command: [55924afd1ce9f1b6a111825fb767a580, clickElement {id=4cae9fc9-8199-41c2-a341-0416b4f19b8b}]
Capabilities {acceptInsecureCerts: false, browserName: chrome, browserVersion: 97.0.4692.71, chrome: {chromedriverVersion: 97.0.4692.71 (adefa7837d02a..., userDataDir: /var/folders/gr/pnfzzss51zd...}, goog:chromeOptions: {debuggerAddress: localhost:63917}, javascriptEnabled: true, networkConnectionEnabled: false, pageLoadStrategy: normal, platform: MAC, platformName: MAC, proxy: Proxy(), se:cdp: ws://localhost:63917/devtoo..., se:cdpVersion: 97.0.4692.71, setWindowRect: true, strictFileInteractability: false, timeouts: {implicit: 0, pageLoad: 300000, script: 30000}, unhandledPromptBehavior: dismiss and notify, webauthn:extension:credBlob: true, webauthn:extension:largeBlob: true, webauthn:virtualAuthenticators: true}
Element: [[ChromeDriver: chrome on MAC (55924afd1ce9f1b6a111825fb767a580)] -> xpath: //i[@id='show-password']]
Session ID: 55924afd1ce9f1b6a111825fb767a580
at org.openqa.selenium.remote.codec.w3c.W3CHttpResponseCodec.createException(W3CHttpResponseCodec.java:198)
at org.openqa.selenium.remote.codec.w3c.W3CHttpResponseCodec.decode(W3CHttpResponseCodec.java:131)
at org.openqa.selenium.remote.codec.w3c.W3CHttpResponseCodec.decode(W3CHttpResponseCodec.java:52)
at org.openqa.selenium.remote.HttpCommandExecutor.execute(HttpCommandExecutor.java:184)
at org.openqa.selenium.remote.service.DriverCommandExecutor.invokeExecute(DriverCommandExecutor.java:153)
at org.openqa.selenium.remote.service.DriverCommandExecutor.execute(DriverCommandExecutor.java:128)
at org.openqa.selenium.remote.RemoteWebDriver.execute(RemoteWebDriver.java:619)
at org.openqa.selenium.remote.RemoteWebElement.execute(RemoteWebElement.java:237)
at org.openqa.selenium.remote.RemoteWebElement.click(RemoteWebElement.java:75)
at webautomation.mekarichat.navigation.BasePage.clickAndWaitByXpath(BasePage.java:31)
at webautomation.mekarichat.pages.LoginPage.clickShowPassword(LoginPage.java:68)
at webautomation.mekarichat.test.Login.checkPasswordShowed(Login.java:135)
at java.base/java.util.ArrayList.forEach(ArrayList.java:1511)
... Removed 32 stack frames]]>
    </failure>
  </testcase> <!-- checkPasswordShowed -->
  <testcase classname="webautomation.mekarichat.test.Login" name="checkPasswordHidden" time="2.428"/>
  <testcase classname="webautomation.mekarichat.test.Login" name="loginWithValidEmailandPassword" time="17.758"/>
  <testcase classname="webautomation.mekarichat.BaseWebDriver" name="@BeforeSuite setAllureEnvironment" time="0.0">
    <ignored/>
  </testcase> <!-- @BeforeSuite setAllureEnvironment -->
  <testcase classname="webautomation.mekarichat.BaseWebDriver" name="@BeforeSuite setAllureEnvironment" time="0.0">
    <ignored/>
  </testcase> <!-- @BeforeSuite setAllureEnvironment -->
  <testcase classname="webautomation.mekarichat.BaseWebDriver" name="@BeforeSuite setAllureEnvironment" time="0.0">
    <ignored/>
  </testcase> <!-- @BeforeSuite setAllureEnvironment -->
  <testcase classname="webautomation.mekarichat.BaseWebDriver" name="@BeforeSuite setAllureEnvironment" time="0.0">
    <ignored/>
  </testcase> <!-- @BeforeSuite setAllureEnvironment -->
  <testcase classname="webautomation.mekarichat.BaseWebDriver" name="@BeforeSuite setAllureEnvironment" time="0.0">
    <ignored/>
  </testcase> <!-- @BeforeSuite setAllureEnvironment -->
  <testcase classname="webautomation.mekarichat.BaseWebDriver" name="@BeforeSuite setAllureEnvironment" time="0.0">
    <ignored/>
  </testcase> <!-- @BeforeSuite setAllureEnvironment -->
  <testcase classname="webautomation.mekarichat.BaseWebDriver" name="@BeforeSuite setAllureEnvironment" time="0.0">
    <ignored/>
  </testcase> <!-- @BeforeSuite setAllureEnvironment -->
  <testcase classname="webautomation.mekarichat.BaseWebDriver" name="@BeforeSuite setAllureEnvironment" time="0.0">
    <ignored/>
  </testcase> <!-- @BeforeSuite setAllureEnvironment -->
  <testcase classname="webautomation.mekarichat.BaseWebDriver" name="@BeforeSuite setAllureEnvironment" time="0.0">
    <ignored/>
  </testcase> <!-- @BeforeSuite setAllureEnvironment -->
  <testcase classname="webautomation.mekarichat.BaseWebDriver" name="@BeforeSuite setAllureEnvironment" time="0.0">
    <ignored/>
  </testcase> <!-- @BeforeSuite setAllureEnvironment -->
</testsuite> <!-- Test -->
