{"name":"userCanDeletedMessage","status":"broken","statusDetails":{"known":false,"muted":false,"flaky":false,"message":"invalid selector: Unable to locate an element with the xpath expression //p[@class='overflow-break c-caption'//span[contains(text(),'Hello Test 5245')] because of the following error:\nSyntaxError: Failed to execute 'evaluate' on 'Document': The string '//p[@class='overflow-break c-caption'//span[contains(text(),'Hello Test 5245')]' is not a valid XPath expression.\n  (Session info: chrome=97.0.4692.71)\nFor documentation on this error, please visit: https://selenium.dev/exceptions/#invalid_selector_exception\nBuild info: version: '4.0.0-beta-3', revision: '5d108f9a67'\nSystem info: host: 'MacBook-Pro-Astaroth.local', ip: 'fe80:0:0:0:102f:86c0:1a74:7dda%en0', os.name: 'Mac OS X', os.arch: 'x86_64', os.version: '11.1', java.version: '16.0.1'\nDriver info: org.openqa.selenium.chrome.ChromeDriver\nCommand: [d83ef33d6e4779852b7d82b3d70b4ebc, findElement {using=xpath, value=//p[@class='overflow-break c-caption'//span[contains(text(),'Hello Test 5245')]}]\nCapabilities {acceptInsecureCerts: false, browserName: chrome, browserVersion: 97.0.4692.71, chrome: {chromedriverVersion: 97.0.4692.71 (adefa7837d02a..., userDataDir: /var/folders/gr/pnfzzss51zd...}, goog:chromeOptions: {debuggerAddress: localhost:55858}, javascriptEnabled: true, networkConnectionEnabled: false, pageLoadStrategy: normal, platform: MAC, platformName: MAC, proxy: Proxy(), se:cdp: ws://localhost:55858/devtoo..., se:cdpVersion: 97.0.4692.71, setWindowRect: true, strictFileInteractability: false, timeouts: {implicit: 0, pageLoad: 300000, script: 30000}, unhandledPromptBehavior: dismiss and notify, webauthn:extension:credBlob: true, webauthn:extension:largeBlob: true, webauthn:virtualAuthenticators: true}\nSession ID: d83ef33d6e4779852b7d82b3d70b4ebc","trace":"org.openqa.selenium.InvalidSelectorException: invalid selector: Unable to locate an element with the xpath expression //p[@class='overflow-break c-caption'//span[contains(text(),'Hello Test 5245')] because of the following error:\nSyntaxError: Failed to execute 'evaluate' on 'Document': The string '//p[@class='overflow-break c-caption'//span[contains(text(),'Hello Test 5245')]' is not a valid XPath expression.\n  (Session info: chrome=97.0.4692.71)\nFor documentation on this error, please visit: https://selenium.dev/exceptions/#invalid_selector_exception\nBuild info: version: '4.0.0-beta-3', revision: '5d108f9a67'\nSystem info: host: 'MacBook-Pro-Astaroth.local', ip: 'fe80:0:0:0:102f:86c0:1a74:7dda%en0', os.name: 'Mac OS X', os.arch: 'x86_64', os.version: '11.1', java.version: '16.0.1'\nDriver info: org.openqa.selenium.chrome.ChromeDriver\nCommand: [d83ef33d6e4779852b7d82b3d70b4ebc, findElement {using=xpath, value=//p[@class='overflow-break c-caption'//span[contains(text(),'Hello Test 5245')]}]\nCapabilities {acceptInsecureCerts: false, browserName: chrome, browserVersion: 97.0.4692.71, chrome: {chromedriverVersion: 97.0.4692.71 (adefa7837d02a..., userDataDir: /var/folders/gr/pnfzzss51zd...}, goog:chromeOptions: {debuggerAddress: localhost:55858}, javascriptEnabled: true, networkConnectionEnabled: false, pageLoadStrategy: normal, platform: MAC, platformName: MAC, proxy: Proxy(), se:cdp: ws://localhost:55858/devtoo..., se:cdpVersion: 97.0.4692.71, setWindowRect: true, strictFileInteractability: false, timeouts: {implicit: 0, pageLoad: 300000, script: 30000}, unhandledPromptBehavior: dismiss and notify, webauthn:extension:credBlob: true, webauthn:extension:largeBlob: true, webauthn:virtualAuthenticators: true}\nSession ID: d83ef33d6e4779852b7d82b3d70b4ebc\n\tat java.base/jdk.internal.reflect.NativeConstructorAccessorImpl.newInstance0(Native Method)\n\tat java.base/jdk.internal.reflect.NativeConstructorAccessorImpl.newInstance(NativeConstructorAccessorImpl.java:78)\n\tat java.base/jdk.internal.reflect.DelegatingConstructorAccessorImpl.newInstance(DelegatingConstructorAccessorImpl.java:45)\n\tat java.base/java.lang.reflect.Constructor.newInstanceWithCaller(Constructor.java:499)\n\tat java.base/java.lang.reflect.Constructor.newInstance(Constructor.java:480)\n\tat org.openqa.selenium.remote.codec.w3c.W3CHttpResponseCodec.createException(W3CHttpResponseCodec.java:198)\n\tat org.openqa.selenium.remote.codec.w3c.W3CHttpResponseCodec.decode(W3CHttpResponseCodec.java:131)\n\tat org.openqa.selenium.remote.codec.w3c.W3CHttpResponseCodec.decode(W3CHttpResponseCodec.java:52)\n\tat org.openqa.selenium.remote.HttpCommandExecutor.execute(HttpCommandExecutor.java:184)\n\tat org.openqa.selenium.remote.service.DriverCommandExecutor.invokeExecute(DriverCommandExecutor.java:153)\n\tat org.openqa.selenium.remote.service.DriverCommandExecutor.execute(DriverCommandExecutor.java:128)\n\tat org.openqa.selenium.remote.RemoteWebDriver.execute(RemoteWebDriver.java:619)\n\tat org.openqa.selenium.remote.RemoteWebDriver$Mechanism$2.findElement(RemoteWebDriver.java:1258)\n\tat org.openqa.selenium.remote.RemoteWebDriver.findElement(RemoteWebDriver.java:386)\n\tat org.openqa.selenium.remote.RemoteWebDriver.findElement(RemoteWebDriver.java:380)\n\tat webautomation.mekarichat.navigation.BasePage.clickAndWaitByJavaScript(BasePage.java:33)\n\tat webautomation.mekarichat.pages.PrivateChatPage.deletedChat(PrivateChatPage.java:222)\n\tat webautomation.mekarichat.test.PrivateChat.userCanDeletedMessage(PrivateChat.java:189)\n\tat java.base/jdk.internal.reflect.NativeMethodAccessorImpl.invoke0(Native Method)\n\tat java.base/jdk.internal.reflect.NativeMethodAccessorImpl.invoke(NativeMethodAccessorImpl.java:78)\n\tat java.base/jdk.internal.reflect.DelegatingMethodAccessorImpl.invoke(DelegatingMethodAccessorImpl.java:43)\n\tat java.base/java.lang.reflect.Method.invoke(Method.java:567)\n\tat org.testng.internal.MethodInvocationHelper.invokeMethod(MethodInvocationHelper.java:133)\n\tat org.testng.internal.TestInvoker.invokeMethod(TestInvoker.java:598)\n\tat org.testng.internal.TestInvoker.invokeTestMethod(TestInvoker.java:173)\n\tat org.testng.internal.MethodRunner.runInSequence(MethodRunner.java:46)\n\tat org.testng.internal.TestInvoker$MethodInvocationAgent.invoke(TestInvoker.java:824)\n\tat org.testng.internal.TestInvoker.invokeTestMethods(TestInvoker.java:146)\n\tat org.testng.internal.TestMethodWorker.invokeTestMethods(TestMethodWorker.java:146)\n\tat org.testng.internal.TestMethodWorker.run(TestMethodWorker.java:128)\n\tat java.base/java.util.ArrayList.forEach(ArrayList.java:1511)\n\tat org.testng.TestRunner.privateRun(TestRunner.java:794)\n\tat org.testng.TestRunner.run(TestRunner.java:596)\n\tat org.testng.SuiteRunner.runTest(SuiteRunner.java:377)\n\tat org.testng.SuiteRunner.runSequentially(SuiteRunner.java:371)\n\tat org.testng.SuiteRunner.privateRun(SuiteRunner.java:332)\n\tat org.testng.SuiteRunner.run(SuiteRunner.java:276)\n\tat org.testng.SuiteRunnerWorker.runSuite(SuiteRunnerWorker.java:53)\n\tat org.testng.SuiteRunnerWorker.run(SuiteRunnerWorker.java:96)\n\tat org.testng.TestNG.runSuitesSequentially(TestNG.java:1212)\n\tat org.testng.TestNG.runSuitesLocally(TestNG.java:1134)\n\tat org.testng.TestNG.runSuites(TestNG.java:1063)\n\tat org.testng.TestNG.run(TestNG.java:1031)\n\tat org.testng.remote.AbstractRemoteTestNG.run(AbstractRemoteTestNG.java:115)\n\tat org.testng.remote.RemoteTestNG.initAndRun(RemoteTestNG.java:251)\n\tat org.testng.remote.RemoteTestNG.main(RemoteTestNG.java:77)\n"},"stage":"finished","description":"User akan dapat menghapus pesan","steps":[{"name":"# user open chat room","status":"passed","stage":"finished","steps":[],"attachments":[],"parameters":[],"start":1642651957996,"stop":1642651958141},{"name":"# click delete chat","status":"broken","statusDetails":{"known":false,"muted":false,"flaky":false,"message":"invalid selector: Unable to locate an element with the xpath expression //p[@class='overflow-break c-caption'//span[contains(text(),'Hello Test 5245')] because of the following error:\nSyntaxError: Failed to execute 'evaluate' on 'Document': The string '//p[@class='overflow-break c-caption'//span[contains(text(),'Hello Test 5245')]' is not a valid XPath expression.\n  (Session info: chrome=97.0.4692.71)\nFor documentation on this error, please visit: https://selenium.dev/exceptions/#invalid_selector_exception\nBuild info: version: '4.0.0-beta-3', revision: '5d108f9a67'\nSystem info: host: 'MacBook-Pro-Astaroth.local', ip: 'fe80:0:0:0:102f:86c0:1a74:7dda%en0', os.name: 'Mac OS X', os.arch: 'x86_64', os.version: '11.1', java.version: '16.0.1'\nDriver info: org.openqa.selenium.chrome.ChromeDriver\nCommand: [d83ef33d6e4779852b7d82b3d70b4ebc, findElement {using=xpath, value=//p[@class='overflow-break c-caption'//span[contains(text(),'Hello Test 5245')]}]\nCapabilities {acceptInsecureCerts: false, browserName: chrome, browserVersion: 97.0.4692.71, chrome: {chromedriverVersion: 97.0.4692.71 (adefa7837d02a..., userDataDir: /var/folders/gr/pnfzzss51zd...}, goog:chromeOptions: {debuggerAddress: localhost:55858}, javascriptEnabled: true, networkConnectionEnabled: false, pageLoadStrategy: normal, platform: MAC, platformName: MAC, proxy: Proxy(), se:cdp: ws://localhost:55858/devtoo..., se:cdpVersion: 97.0.4692.71, setWindowRect: true, strictFileInteractability: false, timeouts: {implicit: 0, pageLoad: 300000, script: 30000}, unhandledPromptBehavior: dismiss and notify, webauthn:extension:credBlob: true, webauthn:extension:largeBlob: true, webauthn:virtualAuthenticators: true}\nSession ID: d83ef33d6e4779852b7d82b3d70b4ebc","trace":"org.openqa.selenium.InvalidSelectorException: invalid selector: Unable to locate an element with the xpath expression //p[@class='overflow-break c-caption'//span[contains(text(),'Hello Test 5245')] because of the following error:\nSyntaxError: Failed to execute 'evaluate' on 'Document': The string '//p[@class='overflow-break c-caption'//span[contains(text(),'Hello Test 5245')]' is not a valid XPath expression.\n  (Session info: chrome=97.0.4692.71)\nFor documentation on this error, please visit: https://selenium.dev/exceptions/#invalid_selector_exception\nBuild info: version: '4.0.0-beta-3', revision: '5d108f9a67'\nSystem info: host: 'MacBook-Pro-Astaroth.local', ip: 'fe80:0:0:0:102f:86c0:1a74:7dda%en0', os.name: 'Mac OS X', os.arch: 'x86_64', os.version: '11.1', java.version: '16.0.1'\nDriver info: org.openqa.selenium.chrome.ChromeDriver\nCommand: [d83ef33d6e4779852b7d82b3d70b4ebc, findElement {using=xpath, value=//p[@class='overflow-break c-caption'//span[contains(text(),'Hello Test 5245')]}]\nCapabilities {acceptInsecureCerts: false, browserName: chrome, browserVersion: 97.0.4692.71, chrome: {chromedriverVersion: 97.0.4692.71 (adefa7837d02a..., userDataDir: /var/folders/gr/pnfzzss51zd...}, goog:chromeOptions: {debuggerAddress: localhost:55858}, javascriptEnabled: true, networkConnectionEnabled: false, pageLoadStrategy: normal, platform: MAC, platformName: MAC, proxy: Proxy(), se:cdp: ws://localhost:55858/devtoo..., se:cdpVersion: 97.0.4692.71, setWindowRect: true, strictFileInteractability: false, timeouts: {implicit: 0, pageLoad: 300000, script: 30000}, unhandledPromptBehavior: dismiss and notify, webauthn:extension:credBlob: true, webauthn:extension:largeBlob: true, webauthn:virtualAuthenticators: true}\nSession ID: d83ef33d6e4779852b7d82b3d70b4ebc\n\tat java.base/jdk.internal.reflect.NativeConstructorAccessorImpl.newInstance0(Native Method)\n\tat java.base/jdk.internal.reflect.NativeConstructorAccessorImpl.newInstance(NativeConstructorAccessorImpl.java:78)\n\tat java.base/jdk.internal.reflect.DelegatingConstructorAccessorImpl.newInstance(DelegatingConstructorAccessorImpl.java:45)\n\tat java.base/java.lang.reflect.Constructor.newInstanceWithCaller(Constructor.java:499)\n\tat java.base/java.lang.reflect.Constructor.newInstance(Constructor.java:480)\n\tat org.openqa.selenium.remote.codec.w3c.W3CHttpResponseCodec.createException(W3CHttpResponseCodec.java:198)\n\tat org.openqa.selenium.remote.codec.w3c.W3CHttpResponseCodec.decode(W3CHttpResponseCodec.java:131)\n\tat org.openqa.selenium.remote.codec.w3c.W3CHttpResponseCodec.decode(W3CHttpResponseCodec.java:52)\n\tat org.openqa.selenium.remote.HttpCommandExecutor.execute(HttpCommandExecutor.java:184)\n\tat org.openqa.selenium.remote.service.DriverCommandExecutor.invokeExecute(DriverCommandExecutor.java:153)\n\tat org.openqa.selenium.remote.service.DriverCommandExecutor.execute(DriverCommandExecutor.java:128)\n\tat org.openqa.selenium.remote.RemoteWebDriver.execute(RemoteWebDriver.java:619)\n\tat org.openqa.selenium.remote.RemoteWebDriver$Mechanism$2.findElement(RemoteWebDriver.java:1258)\n\tat org.openqa.selenium.remote.RemoteWebDriver.findElement(RemoteWebDriver.java:386)\n\tat org.openqa.selenium.remote.RemoteWebDriver.findElement(RemoteWebDriver.java:380)\n\tat webautomation.mekarichat.navigation.BasePage.clickAndWaitByJavaScript(BasePage.java:33)\n\tat webautomation.mekarichat.pages.PrivateChatPage.deletedChat(PrivateChatPage.java:222)\n\tat webautomation.mekarichat.test.PrivateChat.userCanDeletedMessage(PrivateChat.java:189)\n\tat java.base/jdk.internal.reflect.NativeMethodAccessorImpl.invoke0(Native Method)\n\tat java.base/jdk.internal.reflect.NativeMethodAccessorImpl.invoke(NativeMethodAccessorImpl.java:78)\n\tat java.base/jdk.internal.reflect.DelegatingMethodAccessorImpl.invoke(DelegatingMethodAccessorImpl.java:43)\n\tat java.base/java.lang.reflect.Method.invoke(Method.java:567)\n\tat org.testng.internal.MethodInvocationHelper.invokeMethod(MethodInvocationHelper.java:133)\n\tat org.testng.internal.TestInvoker.invokeMethod(TestInvoker.java:598)\n\tat org.testng.internal.TestInvoker.invokeTestMethod(TestInvoker.java:173)\n\tat org.testng.internal.MethodRunner.runInSequence(MethodRunner.java:46)\n\tat org.testng.internal.TestInvoker$MethodInvocationAgent.invoke(TestInvoker.java:824)\n\tat org.testng.internal.TestInvoker.invokeTestMethods(TestInvoker.java:146)\n\tat org.testng.internal.TestMethodWorker.invokeTestMethods(TestMethodWorker.java:146)\n\tat org.testng.internal.TestMethodWorker.run(TestMethodWorker.java:128)\n\tat java.base/java.util.ArrayList.forEach(ArrayList.java:1511)\n\tat org.testng.TestRunner.privateRun(TestRunner.java:794)\n\tat org.testng.TestRunner.run(TestRunner.java:596)\n\tat org.testng.SuiteRunner.runTest(SuiteRunner.java:377)\n\tat org.testng.SuiteRunner.runSequentially(SuiteRunner.java:371)\n\tat org.testng.SuiteRunner.privateRun(SuiteRunner.java:332)\n\tat org.testng.SuiteRunner.run(SuiteRunner.java:276)\n\tat org.testng.SuiteRunnerWorker.runSuite(SuiteRunnerWorker.java:53)\n\tat org.testng.SuiteRunnerWorker.run(SuiteRunnerWorker.java:96)\n\tat org.testng.TestNG.runSuitesSequentially(TestNG.java:1212)\n\tat org.testng.TestNG.runSuitesLocally(TestNG.java:1134)\n\tat org.testng.TestNG.runSuites(TestNG.java:1063)\n\tat org.testng.TestNG.run(TestNG.java:1031)\n\tat org.testng.remote.AbstractRemoteTestNG.run(AbstractRemoteTestNG.java:115)\n\tat org.testng.remote.RemoteTestNG.initAndRun(RemoteTestNG.java:251)\n\tat org.testng.remote.RemoteTestNG.main(RemoteTestNG.java:77)\n"},"stage":"finished","steps":[],"attachments":[],"parameters":[],"start":1642651965909,"stop":1642651966061}],"attachments":[{"name":"Page screenshot","source":"dae28c5a-65e9-4114-ba4a-f864bb1d629b-attachment","type":"image/png"},{"name":"userCanDeletedMessage failed and screenshot taken!","source":"e1f86e42-a3c7-4559-b36f-0e3856a80f82-attachment","type":"text/plain"}],"parameters":[],"start":1642651955800,"stop":1642651966932,"uuid":"25f49717-0f1f-4f67-b3dd-bd4ac1d46702","historyId":"13e290ce5baf9224ec0837104948f894","fullName":"webautomation.mekarichat.test.PrivateChat.userCanDeletedMessage","labels":[{"name":"package","value":"webautomation.mekarichat.test.PrivateChat"},{"name":"testClass","value":"webautomation.mekarichat.test.PrivateChat"},{"name":"testMethod","value":"userCanDeletedMessage"},{"name":"parentSuite","value":"Default suite"},{"name":"suite","value":"Default test"},{"name":"subSuite","value":"webautomation.mekarichat.test.PrivateChat"},{"name":"host","value":"MacBook-Pro-Astaroth.local"},{"name":"thread","value":"91858@MacBook-Pro-Astaroth.local.main(1)"},{"name":"framework","value":"testng"},{"name":"language","value":"java"},{"name":"story","value":"User menghapus bubble chat"},{"name":"feature","value":"Test Case ID : MC-04-10"},{"name":"epic","value":"Private Chat"},{"name":"severity","value":"critical"}],"links":[]}