{"name":"searchContactWithJobs","status":"broken","statusDetails":{"known":false,"muted":false,"flaky":false,"message":"Expected condition failed: waiting for element to be clickable: By.xpath: //input[@id='new-signin-button'] (tried for 60 second(s) with 500 milliseconds interval)\nBuild info: version: '4.0.0-beta-3', revision: '5d108f9a67'\nSystem info: host: 'MacBook-Pro-Astaroth.local', ip: 'fe80:0:0:0:880:c1b:1704:9bed%en0', os.name: 'Mac OS X', os.arch: 'x86_64', os.version: '11.1', java.version: '16.0.1'\nDriver info: org.openqa.selenium.chrome.ChromeDriver\nCapabilities {acceptInsecureCerts: false, browserName: chrome, browserVersion: 96.0.4664.110, chrome: {chromedriverVersion: 96.0.4664.45 (76e4c1bb2ab46..., userDataDir: /var/folders/gr/pnfzzss51zd...}, goog:chromeOptions: {debuggerAddress: localhost:59730}, javascriptEnabled: true, networkConnectionEnabled: false, pageLoadStrategy: normal, platform: MAC, platformName: MAC, proxy: Proxy(), se:cdp: ws://localhost:59730/devtoo..., se:cdpVersion: 96.0.4664.110, setWindowRect: true, strictFileInteractability: false, timeouts: {implicit: 0, pageLoad: 300000, script: 30000}, unhandledPromptBehavior: dismiss and notify, webauthn:extension:credBlob: true, webauthn:extension:largeBlob: true, webauthn:virtualAuthenticators: true}\nSession ID: 0e8a93cdbb2b1f5acd05239a8542bc7c","trace":"org.openqa.selenium.TimeoutException: Expected condition failed: waiting for element to be clickable: By.xpath: //input[@id='new-signin-button'] (tried for 60 second(s) with 500 milliseconds interval)\nBuild info: version: '4.0.0-beta-3', revision: '5d108f9a67'\nSystem info: host: 'MacBook-Pro-Astaroth.local', ip: 'fe80:0:0:0:880:c1b:1704:9bed%en0', os.name: 'Mac OS X', os.arch: 'x86_64', os.version: '11.1', java.version: '16.0.1'\nDriver info: org.openqa.selenium.chrome.ChromeDriver\nCapabilities {acceptInsecureCerts: false, browserName: chrome, browserVersion: 96.0.4664.110, chrome: {chromedriverVersion: 96.0.4664.45 (76e4c1bb2ab46..., userDataDir: /var/folders/gr/pnfzzss51zd...}, goog:chromeOptions: {debuggerAddress: localhost:59730}, javascriptEnabled: true, networkConnectionEnabled: false, pageLoadStrategy: normal, platform: MAC, platformName: MAC, proxy: Proxy(), se:cdp: ws://localhost:59730/devtoo..., se:cdpVersion: 96.0.4664.110, setWindowRect: true, strictFileInteractability: false, timeouts: {implicit: 0, pageLoad: 300000, script: 30000}, unhandledPromptBehavior: dismiss and notify, webauthn:extension:credBlob: true, webauthn:extension:largeBlob: true, webauthn:virtualAuthenticators: true}\nSession ID: 0e8a93cdbb2b1f5acd05239a8542bc7c\n\tat org.openqa.selenium.support.ui.WebDriverWait.timeoutException(WebDriverWait.java:138)\n\tat org.openqa.selenium.support.ui.FluentWait.until(FluentWait.java:231)\n\tat webautomation.mekarichat.navigation.BasePage.clickAndWaitByXpath(BasePage.java:25)\n\tat webautomation.mekarichat.pages.LoginPage.inputEmailPassword(LoginPage.java:37)\n\tat webautomation.mekarichat.test.Contacts.searchContactWithJobs(Contacts.java:191)\n\tat java.base/jdk.internal.reflect.NativeMethodAccessorImpl.invoke0(Native Method)\n\tat java.base/jdk.internal.reflect.NativeMethodAccessorImpl.invoke(NativeMethodAccessorImpl.java:78)\n\tat java.base/jdk.internal.reflect.DelegatingMethodAccessorImpl.invoke(DelegatingMethodAccessorImpl.java:43)\n\tat java.base/java.lang.reflect.Method.invoke(Method.java:567)\n\tat org.testng.internal.MethodInvocationHelper.invokeMethod(MethodInvocationHelper.java:133)\n\tat org.testng.internal.TestInvoker.invokeMethod(TestInvoker.java:598)\n\tat org.testng.internal.TestInvoker.invokeTestMethod(TestInvoker.java:173)\n\tat org.testng.internal.MethodRunner.runInSequence(MethodRunner.java:46)\n\tat org.testng.internal.TestInvoker$MethodInvocationAgent.invoke(TestInvoker.java:824)\n\tat org.testng.internal.TestInvoker.invokeTestMethods(TestInvoker.java:146)\n\tat org.testng.internal.TestMethodWorker.invokeTestMethods(TestMethodWorker.java:146)\n\tat org.testng.internal.TestMethodWorker.run(TestMethodWorker.java:128)\n\tat java.base/java.util.concurrent.ThreadPoolExecutor.runWorker(ThreadPoolExecutor.java:1130)\n\tat java.base/java.util.concurrent.ThreadPoolExecutor$Worker.run(ThreadPoolExecutor.java:630)\n\tat java.base/java.lang.Thread.run(Thread.java:831)\n"},"stage":"finished","description":"1. User dapat melakukan pencarian kontak berdasarkan job position\n2. Result\n type: pro\n \nmuncul: \nProduct Manager\nProject Manager\n\n","steps":[{"name":"# verifikasi halaman login mekari chat","status":"passed","stage":"finished","steps":[],"attachments":[],"parameters":[],"start":1640593194467,"stop":1640593194472},{"name":"# user input email: donocatur@qiscus.cx dan password: tanpapassword08","status":"broken","statusDetails":{"known":false,"muted":false,"flaky":false,"message":"Expected condition failed: waiting for element to be clickable: By.xpath: //input[@id='new-signin-button'] (tried for 60 second(s) with 500 milliseconds interval)\nBuild info: version: '4.0.0-beta-3', revision: '5d108f9a67'\nSystem info: host: 'MacBook-Pro-Astaroth.local', ip: 'fe80:0:0:0:880:c1b:1704:9bed%en0', os.name: 'Mac OS X', os.arch: 'x86_64', os.version: '11.1', java.version: '16.0.1'\nDriver info: org.openqa.selenium.chrome.ChromeDriver\nCapabilities {acceptInsecureCerts: false, browserName: chrome, browserVersion: 96.0.4664.110, chrome: {chromedriverVersion: 96.0.4664.45 (76e4c1bb2ab46..., userDataDir: /var/folders/gr/pnfzzss51zd...}, goog:chromeOptions: {debuggerAddress: localhost:59730}, javascriptEnabled: true, networkConnectionEnabled: false, pageLoadStrategy: normal, platform: MAC, platformName: MAC, proxy: Proxy(), se:cdp: ws://localhost:59730/devtoo..., se:cdpVersion: 96.0.4664.110, setWindowRect: true, strictFileInteractability: false, timeouts: {implicit: 0, pageLoad: 300000, script: 30000}, unhandledPromptBehavior: dismiss and notify, webauthn:extension:credBlob: true, webauthn:extension:largeBlob: true, webauthn:virtualAuthenticators: true}\nSession ID: 0e8a93cdbb2b1f5acd05239a8542bc7c","trace":"org.openqa.selenium.TimeoutException: Expected condition failed: waiting for element to be clickable: By.xpath: //input[@id='new-signin-button'] (tried for 60 second(s) with 500 milliseconds interval)\nBuild info: version: '4.0.0-beta-3', revision: '5d108f9a67'\nSystem info: host: 'MacBook-Pro-Astaroth.local', ip: 'fe80:0:0:0:880:c1b:1704:9bed%en0', os.name: 'Mac OS X', os.arch: 'x86_64', os.version: '11.1', java.version: '16.0.1'\nDriver info: org.openqa.selenium.chrome.ChromeDriver\nCapabilities {acceptInsecureCerts: false, browserName: chrome, browserVersion: 96.0.4664.110, chrome: {chromedriverVersion: 96.0.4664.45 (76e4c1bb2ab46..., userDataDir: /var/folders/gr/pnfzzss51zd...}, goog:chromeOptions: {debuggerAddress: localhost:59730}, javascriptEnabled: true, networkConnectionEnabled: false, pageLoadStrategy: normal, platform: MAC, platformName: MAC, proxy: Proxy(), se:cdp: ws://localhost:59730/devtoo..., se:cdpVersion: 96.0.4664.110, setWindowRect: true, strictFileInteractability: false, timeouts: {implicit: 0, pageLoad: 300000, script: 30000}, unhandledPromptBehavior: dismiss and notify, webauthn:extension:credBlob: true, webauthn:extension:largeBlob: true, webauthn:virtualAuthenticators: true}\nSession ID: 0e8a93cdbb2b1f5acd05239a8542bc7c\n\tat org.openqa.selenium.support.ui.WebDriverWait.timeoutException(WebDriverWait.java:138)\n\tat org.openqa.selenium.support.ui.FluentWait.until(FluentWait.java:231)\n\tat webautomation.mekarichat.navigation.BasePage.clickAndWaitByXpath(BasePage.java:25)\n\tat webautomation.mekarichat.pages.LoginPage.inputEmailPassword(LoginPage.java:37)\n\tat webautomation.mekarichat.test.Contacts.searchContactWithJobs(Contacts.java:191)\n\tat java.base/jdk.internal.reflect.NativeMethodAccessorImpl.invoke0(Native Method)\n\tat java.base/jdk.internal.reflect.NativeMethodAccessorImpl.invoke(NativeMethodAccessorImpl.java:78)\n\tat java.base/jdk.internal.reflect.DelegatingMethodAccessorImpl.invoke(DelegatingMethodAccessorImpl.java:43)\n\tat java.base/java.lang.reflect.Method.invoke(Method.java:567)\n\tat org.testng.internal.MethodInvocationHelper.invokeMethod(MethodInvocationHelper.java:133)\n\tat org.testng.internal.TestInvoker.invokeMethod(TestInvoker.java:598)\n\tat org.testng.internal.TestInvoker.invokeTestMethod(TestInvoker.java:173)\n\tat org.testng.internal.MethodRunner.runInSequence(MethodRunner.java:46)\n\tat org.testng.internal.TestInvoker$MethodInvocationAgent.invoke(TestInvoker.java:824)\n\tat org.testng.internal.TestInvoker.invokeTestMethods(TestInvoker.java:146)\n\tat org.testng.internal.TestMethodWorker.invokeTestMethods(TestMethodWorker.java:146)\n\tat org.testng.internal.TestMethodWorker.run(TestMethodWorker.java:128)\n\tat java.base/java.util.concurrent.ThreadPoolExecutor.runWorker(ThreadPoolExecutor.java:1130)\n\tat java.base/java.util.concurrent.ThreadPoolExecutor$Worker.run(ThreadPoolExecutor.java:630)\n\tat java.base/java.lang.Thread.run(Thread.java:831)\n"},"stage":"finished","steps":[],"attachments":[],"parameters":[{"name":"email","value":"donocatur@qiscus.cx"},{"name":"password","value":"tanpapassword08"}],"start":1640593194472,"stop":1640593257199}],"attachments":[{"name":"Page screenshot","source":"a3077136-4596-4e53-a19a-d57fc209f4de-attachment","type":"image/png"},{"name":"searchContactWithJobs failed and screenshot taken!","source":"0087874f-04f2-4bc6-92c8-2ddb09cf07a0-attachment","type":"text/plain"}],"parameters":[],"start":1640593194467,"stop":1640593257924,"uuid":"96980b85-c892-4399-86d7-bedc5d182b90","historyId":"62ef1bcea742da3aaa131392488d480","fullName":"webautomation.mekarichat.test.Contacts.searchContactWithJobs","labels":[{"name":"package","value":"webautomation.mekarichat.test.Contacts"},{"name":"testClass","value":"webautomation.mekarichat.test.Contacts"},{"name":"testMethod","value":"searchContactWithJobs"},{"name":"parentSuite","value":"Suite"},{"name":"suite","value":"Test"},{"name":"subSuite","value":"webautomation.mekarichat.test.Contacts"},{"name":"host","value":"MacBook-Pro-Astaroth.local"},{"name":"thread","value":"5994@MacBook-Pro-Astaroth.local.TestNG-test=Test-2(19)"},{"name":"framework","value":"testng"},{"name":"language","value":"java"},{"name":"story","value":"User melakukan pencarian kontak berdasarkan job position"},{"name":"feature","value":"Test Case ID : MC-007-04"},{"name":"epic","value":"Contacts"},{"name":"severity","value":"critical"}],"links":[]}