<?xml version="1.0" encoding="UTF-8"?>
<!-- Generated by org.testng.reporters.JUnitReportReporter -->
<testsuite hostname="MacBook-Pro-Astaroth.local" failures="0" tests="6" name="webautomation.mekarichat.test.Login" time="81.878" errors="1" timestamp="2022-01-19T14:05:09 WIB" skipped="0">
  <testcase classname="webautomation.mekarichat.test.Login" name="loginWithValidEmailandWrongPassword" time="24.983"/>
  <system-out/>
  <testcase classname="webautomation.mekarichat.test.Login" name="loginWithWrongEmailandValidPassword" time="15.792"/>
  <system-out/>
  <testcase classname="webautomation.mekarichat.test.Login" name="loginWithWrongEmailandPassword" time="17.428"/>
  <system-out/>
  <testcase classname="webautomation.mekarichat.test.Login" name="checkPasswordShowed" time="3.489">
    <error message="element click intercepted: Element &lt;i id=&quot;show-password&quot; class=&quot;field-icon toggle-password&quot; onclick=&quot;showHidePassword(&#039;hide-password&#039;, &#039;show-password&#039;, &#039;user_password&#039;)&quot;&gt;...&lt;/i&gt; is not clickable at point (790, 417). Other element would receive the click: &lt;iframe title=&quot;recaptcha challenge expires in two minutes&quot; src=&quot;https://www.recaptcha.net/recaptcha/api2/bframe?hl=en&amp;amp;v=TDBxTlSsKAUm3tSIa0fwIqNu&amp;amp;k=6Lcsy84ZAAAAAKn9A4rAZ3RqRJMpg_afBwQe0X04&quot; name=&quot;c-pf0ou1gooqfv&quot; frameborder=&quot;0&quot; scrolling=&quot;no&quot; sandbox=&quot;allow-forms allow-popups allow-same-origin allow-scripts allow-top-navigation allow-modals allow-popups-to-escape-sandbox&quot; style=&quot;width: 400px; height: 580px;&quot;&gt;&lt;/iframe&gt;
  (Session info: chrome=97.0.4692.71)
Build info: version: &#039;4.0.0-beta-3&#039;, revision: &#039;5d108f9a67&#039;
System info: host: &#039;MacBook-Pro-Astaroth.local&#039;, ip: &#039;fe80:0:0:0:102f:86c0:1a74:7dda%en0&#039;, os.name: &#039;Mac OS X&#039;, os.arch: &#039;x86_64&#039;, os.version: &#039;11.1&#039;, java.version: &#039;16.0.1&#039;
Driver info: org.openqa.selenium.chrome.ChromeDriver
Command: [55924afd1ce9f1b6a111825fb767a580, clickElement {id=4cae9fc9-8199-41c2-a341-0416b4f19b8b}]
Capabilities {acceptInsecureCerts: false, browserName: chrome, browserVersion: 97.0.4692.71, chrome: {chromedriverVersion: 97.0.4692.71 (adefa7837d02a..., userDataDir: /var/folders/gr/pnfzzss51zd...}, goog:chromeOptions: {debuggerAddress: localhost:63917}, javascriptEnabled: true, networkConnectionEnabled: false, pageLoadStrategy: normal, platform: MAC, platformName: MAC, proxy: Proxy(), se:cdp: ws://localhost:63917/devtoo..., se:cdpVersion: 97.0.4692.71, setWindowRect: true, strictFileInteractability: false, timeouts: {implicit: 0, pageLoad: 300000, script: 30000}, unhandledPromptBehavior: dismiss and notify, webauthn:extension:credBlob: true, webauthn:extension:largeBlob: true, webauthn:virtualAuthenticators: true}
Element: [[ChromeDriver: chrome on MAC (55924afd1ce9f1b6a111825fb767a580)] -&gt; xpath: //i[@id=&#039;show-password&#039;]]
Session ID: 55924afd1ce9f1b6a111825fb767a580" type="org.openqa.selenium.ElementClickInterceptedException">
      <![CDATA[org.openqa.selenium.ElementClickInterceptedException: element click intercepted: Element <i id="show-password" class="field-icon toggle-password" onclick="showHidePassword('hide-password', 'show-password', 'user_password')">...</i> is not clickable at point (790, 417). Other element would receive the click: <iframe title="recaptcha challenge expires in two minutes" src="https://www.recaptcha.net/recaptcha/api2/bframe?hl=en&amp;v=TDBxTlSsKAUm3tSIa0fwIqNu&amp;k=6Lcsy84ZAAAAAKn9A4rAZ3RqRJMpg_afBwQe0X04" name="c-pf0ou1gooqfv" frameborder="0" scrolling="no" sandbox="allow-forms allow-popups allow-same-origin allow-scripts allow-top-navigation allow-modals allow-popups-to-escape-sandbox" style="width: 400px; height: 580px;"></iframe>
  (Session info: chrome=97.0.4692.71)
Build info: version: '4.0.0-beta-3', revision: '5d108f9a67'
System info: host: 'MacBook-Pro-Astaroth.local', ip: 'fe80:0:0:0:102f:86c0:1a74:7dda%en0', os.name: 'Mac OS X', os.arch: 'x86_64', os.version: '11.1', java.version: '16.0.1'
Driver info: org.openqa.selenium.chrome.ChromeDriver
Command: [55924afd1ce9f1b6a111825fb767a580, clickElement {id=4cae9fc9-8199-41c2-a341-0416b4f19b8b}]
Capabilities {acceptInsecureCerts: false, browserName: chrome, browserVersion: 97.0.4692.71, chrome: {chromedriverVersion: 97.0.4692.71 (adefa7837d02a..., userDataDir: /var/folders/gr/pnfzzss51zd...}, goog:chromeOptions: {debuggerAddress: localhost:63917}, javascriptEnabled: true, networkConnectionEnabled: false, pageLoadStrategy: normal, platform: MAC, platformName: MAC, proxy: Proxy(), se:cdp: ws://localhost:63917/devtoo..., se:cdpVersion: 97.0.4692.71, setWindowRect: true, strictFileInteractability: false, timeouts: {implicit: 0, pageLoad: 300000, script: 30000}, unhandledPromptBehavior: dismiss and notify, webauthn:extension:credBlob: true, webauthn:extension:largeBlob: true, webauthn:virtualAuthenticators: true}
Element: [[ChromeDriver: chrome on MAC (55924afd1ce9f1b6a111825fb767a580)] -> xpath: //i[@id='show-password']]
Session ID: 55924afd1ce9f1b6a111825fb767a580
at java.base/jdk.internal.reflect.NativeConstructorAccessorImpl.newInstance0(Native Method)
at java.base/jdk.internal.reflect.NativeConstructorAccessorImpl.newInstance(NativeConstructorAccessorImpl.java:78)
at java.base/jdk.internal.reflect.DelegatingConstructorAccessorImpl.newInstance(DelegatingConstructorAccessorImpl.java:45)
at java.base/java.lang.reflect.Constructor.newInstanceWithCaller(Constructor.java:499)
at java.base/java.lang.reflect.Constructor.newInstance(Constructor.java:480)
at org.openqa.selenium.remote.codec.w3c.W3CHttpResponseCodec.createException(W3CHttpResponseCodec.java:198)
at org.openqa.selenium.remote.codec.w3c.W3CHttpResponseCodec.decode(W3CHttpResponseCodec.java:131)
at org.openqa.selenium.remote.codec.w3c.W3CHttpResponseCodec.decode(W3CHttpResponseCodec.java:52)
at org.openqa.selenium.remote.HttpCommandExecutor.execute(HttpCommandExecutor.java:184)
at org.openqa.selenium.remote.service.DriverCommandExecutor.invokeExecute(DriverCommandExecutor.java:153)
at org.openqa.selenium.remote.service.DriverCommandExecutor.execute(DriverCommandExecutor.java:128)
at org.openqa.selenium.remote.RemoteWebDriver.execute(RemoteWebDriver.java:619)
at org.openqa.selenium.remote.RemoteWebElement.execute(RemoteWebElement.java:237)
at org.openqa.selenium.remote.RemoteWebElement.click(RemoteWebElement.java:75)
at webautomation.mekarichat.navigation.BasePage.clickAndWaitByXpath(BasePage.java:31)
at webautomation.mekarichat.pages.LoginPage.clickShowPassword(LoginPage.java:68)
at webautomation.mekarichat.test.Login.checkPasswordShowed(Login.java:135)
at java.base/jdk.internal.reflect.NativeMethodAccessorImpl.invoke0(Native Method)
at java.base/jdk.internal.reflect.NativeMethodAccessorImpl.invoke(NativeMethodAccessorImpl.java:78)
at java.base/jdk.internal.reflect.DelegatingMethodAccessorImpl.invoke(DelegatingMethodAccessorImpl.java:43)
at java.base/java.lang.reflect.Method.invoke(Method.java:567)
at org.testng.internal.MethodInvocationHelper.invokeMethod(MethodInvocationHelper.java:133)
at org.testng.internal.TestInvoker.invokeMethod(TestInvoker.java:598)
at org.testng.internal.TestInvoker.invokeTestMethod(TestInvoker.java:173)
at org.testng.internal.MethodRunner.runInSequence(MethodRunner.java:46)
at org.testng.internal.TestInvoker$MethodInvocationAgent.invoke(TestInvoker.java:824)
at org.testng.internal.TestInvoker.invokeTestMethods(TestInvoker.java:146)
at org.testng.internal.TestMethodWorker.invokeTestMethods(TestMethodWorker.java:146)
at org.testng.internal.TestMethodWorker.run(TestMethodWorker.java:128)
at java.base/java.util.ArrayList.forEach(ArrayList.java:1511)
at org.testng.TestRunner.privateRun(TestRunner.java:794)
at org.testng.TestRunner.run(TestRunner.java:596)
at org.testng.SuiteRunner.runTest(SuiteRunner.java:377)
at org.testng.SuiteRunner.runSequentially(SuiteRunner.java:371)
at org.testng.SuiteRunner.privateRun(SuiteRunner.java:332)
at org.testng.SuiteRunner.run(SuiteRunner.java:276)
at org.testng.SuiteRunnerWorker.runSuite(SuiteRunnerWorker.java:53)
at org.testng.SuiteRunnerWorker.run(SuiteRunnerWorker.java:96)
at org.testng.TestNG.runSuitesSequentially(TestNG.java:1212)
at org.testng.TestNG.runSuitesLocally(TestNG.java:1134)
at org.testng.TestNG.runSuites(TestNG.java:1063)
at org.testng.TestNG.run(TestNG.java:1031)
at org.testng.remote.AbstractRemoteTestNG.run(AbstractRemoteTestNG.java:115)
at org.testng.remote.RemoteTestNG.initAndRun(RemoteTestNG.java:251)
at org.testng.remote.RemoteTestNG.main(RemoteTestNG.java:77)
]]>
    </error>
  </testcase> <!-- checkPasswordShowed -->
  <system-out/>
  <testcase classname="webautomation.mekarichat.test.Login" name="checkPasswordHidden" time="2.428"/>
  <system-out/>
  <testcase classname="webautomation.mekarichat.test.Login" name="loginWithValidEmailandPassword" time="17.758"/>
  <system-out/>
</testsuite> <!-- webautomation.mekarichat.test.Login -->
